{"level":"info","ts":"2024-06-01T23:49:27.777+0300","caller":"handlers/grpc_interceptors.go:65","msg":"grpc request","method":"/proto.Metrics/UpdateMetricExt","time":"2024-06-01T23:49:27.777+0300","data":"{\"id\":\"Alloc\",\"mtype\":\"gauge\",\"value\":12321.45654}"}
{"level":"info","ts":"2024-06-01T23:59:46.988+0300","caller":"handlers/grpc_interceptors.go:65","msg":"grpc request","method":"/proto.Metrics/UpdateMetricExt","time":"2024-06-01T23:59:46.988+0300","data":"{\"id\":\"Alloc\",\"mtype\":\"gauge\",\"value\":12321.45654}"}
{"level":"info","ts":"2024-06-02T00:00:30.968+0300","caller":"handlers/grpc_interceptors.go:65","msg":"grpc request","method":"/proto.Metrics/UpdateMetricExt","time":"2024-06-02T00:00:30.968+0300","data":"{\"id\":\"Alloc\",\"mtype\":\"gauge\",\"value\":12321.45654}"}
{"level":"info","ts":"2024-06-02T00:01:17.890+0300","caller":"handlers/grpc_interceptors.go:65","msg":"grpc request","method":"/proto.Metrics/UpdateMetricExt","time":"2024-06-02T00:01:17.890+0300","data":"{\"id\":\"Alloc\",\"mtype\":\"gauge\",\"value\":12321.45654}"}
{"level":"info","ts":"2024-06-02T00:02:55.198+0300","caller":"handlers/grpc_interceptors.go:65","msg":"grpc request","method":"/proto.Metrics/UpdateMetricExt","time":"2024-06-02T00:02:55.198+0300","data":"{\"id\":\"Alloc\",\"mtype\":\"gauge\",\"value\":12321.45654}"}
{"level":"info","ts":"2024-06-02T00:03:02.832+0300","caller":"handlers/grpc_interceptors.go:65","msg":"grpc request","method":"/proto.Metrics/UpdateMetricExt","time":"2024-06-02T00:03:02.832+0300","data":"{\"id\":\"Alloc\",\"mtype\":\"gauge\",\"value\":12321.45654}"}
{"level":"info","ts":"2024-06-02T00:06:26.244+0300","caller":"handlers/grpc_interceptors.go:65","msg":"grpc request","method":"/proto.Metrics/UpdateMetricExt","time":"2024-06-02T00:06:26.244+0300","data":"{\"id\":\"Alloc\",\"mtype\":\"gauge\",\"value\":12321.45654}"}
{"level":"info","ts":"2024-06-02T00:06:49.662+0300","caller":"handlers/grpc_interceptors.go:65","msg":"grpc request","method":"/proto.Metrics/UpdateMetricExt","time":"2024-06-02T00:06:49.662+0300","data":"{\"id\":\"Alloc\",\"mtype\":\"gauge\",\"value\":12321.45654}"}
{"level":"info","ts":"2024-06-02T00:07:09.513+0300","caller":"handlers/grpc_interceptors.go:65","msg":"grpc request","method":"/proto.Metrics/UpdateMetricExt","time":"2024-06-02T00:07:09.513+0300","data":"{\"id\":\"Alloc\",\"mtype\":\"gauge\",\"value\":12321.45654}"}
{"level":"info","ts":"2024-06-02T00:07:36.296+0300","caller":"handlers/grpc_interceptors.go:65","msg":"grpc request","method":"/proto.Metrics/GetMetricValue","time":"2024-06-02T00:07:36.295+0300","data":"{\"metric_type\":\"gauge\",\"metric_name\":\"Alloc\"}"}
{"level":"info","ts":"2024-06-02T00:07:36.297+0300","caller":"handlers/grpc_interceptors.go:65","msg":"grpc request","method":"/proto.Metrics/UpdateMetric","time":"2024-06-02T00:07:36.297+0300","data":"{\"metric_type\":\"gauge\",\"metric_name\":\"Alloc\",\"metric_value\":\"123.456\"}"}
{"level":"info","ts":"2024-06-02T00:07:36.297+0300","caller":"handlers/grpc_interceptors.go:65","msg":"grpc request","method":"/proto.Metrics/GetMetricValue","time":"2024-06-02T00:07:36.297+0300","data":"{\"metric_type\":\"gauge\",\"metric_name\":\"Alloc\"}"}
{"level":"info","ts":"2024-06-02T00:07:36.298+0300","caller":"handlers/grpc_interceptors.go:65","msg":"grpc request","method":"/proto.Metrics/UpdateMetric","time":"2024-06-02T00:07:36.298+0300","data":"{\"metric_type\":\"counter\",\"metric_name\":\"PollCount\",\"metric_value\":\"123456\"}"}
{"level":"info","ts":"2024-06-02T00:07:36.298+0300","caller":"handlers/grpc_interceptors.go:65","msg":"grpc request","method":"/proto.Metrics/GetMetricValue","time":"2024-06-02T00:07:36.298+0300","data":"{\"metric_type\":\"counter\",\"metric_name\":\"PollCount\"}"}
{"level":"info","ts":"2024-06-02T00:07:36.299+0300","caller":"handlers/grpc_interceptors.go:65","msg":"grpc request","method":"/proto.Metrics/GetMetricExt","time":"2024-06-02T00:07:36.299+0300","data":"{\"id\":\"Alloc\",\"mtype\":\"gauge\"}"}
{"level":"info","ts":"2024-06-02T00:07:36.299+0300","caller":"handlers/grpc_interceptors.go:65","msg":"grpc request","method":"/proto.Metrics/UpdateMetricExt","time":"2024-06-02T00:07:36.299+0300","data":"{\"id\":\"Alloc\",\"mtype\":\"gauge\",\"value\":123.456}"}
{"level":"info","ts":"2024-06-02T00:07:36.300+0300","caller":"handlers/grpc_interceptors.go:65","msg":"grpc request","method":"/proto.Metrics/GetMetricExt","time":"2024-06-02T00:07:36.300+0300","data":"{\"id\":\"Alloc\",\"mtype\":\"gauge\"}"}
{"level":"info","ts":"2024-06-02T00:07:36.300+0300","caller":"handlers/grpc_interceptors.go:65","msg":"grpc request","method":"/proto.Metrics/UpdateMetricExt","time":"2024-06-02T00:07:36.300+0300","data":"{\"id\":\"PollCount\",\"mtype\":\"counter\",\"delta\":123456}"}
{"level":"info","ts":"2024-06-02T00:07:36.300+0300","caller":"handlers/grpc_interceptors.go:65","msg":"grpc request","method":"/proto.Metrics/GetMetricExt","time":"2024-06-02T00:07:36.300+0300","data":"{\"id\":\"PollCount\",\"mtype\":\"counter\"}"}
{"level":"info","ts":"2024-06-02T00:07:36.305+0300","caller":"handlers/grpc_interceptors.go:65","msg":"grpc request","method":"/proto.Metrics/GetMetricExt","time":"2024-06-02T00:07:36.305+0300","data":"{\"id\":\"Alloc\",\"mtype\":\"gauge\"}"}
{"level":"info","ts":"2024-06-02T00:07:36.306+0300","caller":"handlers/grpc_interceptors.go:65","msg":"grpc request","method":"/proto.Metrics/GetMetricExt","time":"2024-06-02T00:07:36.306+0300","data":"{\"id\":\"CPUutilization4\",\"mtype\":\"gauge\"}"}
{"level":"info","ts":"2024-06-02T00:07:36.306+0300","caller":"handlers/grpc_interceptors.go:65","msg":"grpc request","method":"/proto.Metrics/GetMetricExt","time":"2024-06-02T00:07:36.306+0300","data":"{\"id\":\"PollCount\",\"mtype\":\"counter\"}"}
{"level":"info","ts":"2024-06-02T00:07:36.310+0300","caller":"handlers/grpc_interceptors.go:65","msg":"grpc request","method":"/proto.Metrics/GetAllMetrics","time":"2024-06-02T00:07:36.310+0300","data":"{}"}
{"level":"info","ts":"2024-06-02T00:07:36.311+0300","caller":"handlers/grpc_interceptors.go:65","msg":"grpc request","method":"/proto.Metrics/GetAllMetrics","time":"2024-06-02T00:07:36.311+0300","data":"{}"}
{"level":"info","ts":"2024-06-02T00:07:36.313+0300","caller":"handlers/grpc_interceptors.go:65","msg":"grpc request","method":"/proto.Metrics/UpdateMetricExt","time":"2024-06-02T00:07:36.313+0300","data":"{\"id\":\"Alloc\",\"mtype\":\"gauge\",\"value\":123.456}"}
{"level":"info","ts":"2024-06-02T00:07:36.314+0300","caller":"handlers/grpc_interceptors.go:65","msg":"grpc request","method":"/proto.Metrics/GetMetricExt","time":"2024-06-02T00:07:36.314+0300","data":"{\"id\":\"Alloc\",\"mtype\":\"gauge\"}"}
{"level":"info","ts":"2024-06-02T00:07:36.318+0300","caller":"handlers/grpc_interceptors.go:65","msg":"grpc request","method":"/proto.Metrics/UpdateMetricExt","time":"2024-06-02T00:07:36.318+0300","data":"{\"id\":\"Alloc\",\"mtype\":\"gauge\",\"value\":123.456}"}
{"level":"info","ts":"2024-06-02T00:07:36.322+0300","caller":"handlers/grpc_interceptors.go:65","msg":"grpc request","method":"/proto.Metrics/GetMetricExt","time":"2024-06-02T00:07:36.322+0300","data":"{\"id\":\"Alloc\",\"mtype\":\"gauge\"}"}
{"level":"info","ts":"2024-06-02T00:07:36.352+0300","caller":"handlers/grpc_interceptors.go:65","msg":"grpc request","method":"/proto.Metrics/UpdateMetric","time":"2024-06-02T00:07:36.352+0300","data":"{\"metric_type\":\"gauge\",\"metric_name\":\"Alloc\",\"metric_value\":\"123.456\"}"}
{"level":"info","ts":"2024-06-02T00:07:36.352+0300","caller":"handlers/grpc_interceptors.go:65","msg":"grpc request","method":"/proto.Metrics/GetMetricValue","time":"2024-06-02T00:07:36.352+0300","data":"{\"metric_type\":\"gauge\",\"metric_name\":\"Alloc\"}"}
{"level":"info","ts":"2024-06-02T00:07:36.353+0300","caller":"handlers/grpc_interceptors.go:65","msg":"grpc request","method":"/proto.Metrics/UpdateMetricExt","time":"2024-06-02T00:07:36.353+0300","data":"{\"id\":\"Alloc\",\"mtype\":\"gauge\",\"value\":12321.45654}"}
{"level":"info","ts":"2024-06-02T00:07:36.373+0300","caller":"handlers/middlewares.go:116","msg":"request","uri":"/update/counter/testSetGet33/982","method":"POST","duration":0.000056258,"status":200,"size":0,"body":""}
{"level":"info","ts":"2024-06-02T00:07:36.374+0300","caller":"handlers/middlewares.go:116","msg":"request","uri":"/value/counter/testSetGet33","method":"GET","duration":0.000022592,"status":200,"size":3,"body":""}
{"level":"info","ts":"2024-06-02T00:07:36.380+0300","caller":"handlers/middlewares.go:116","msg":"request","uri":"/update/counter/testSetGet33/111","method":"POST","duration":0.000045309,"status":200,"size":0,"body":""}
{"level":"info","ts":"2024-06-02T00:07:36.381+0300","caller":"handlers/middlewares.go:116","msg":"request","uri":"/value/counter/testSetGet33","method":"GET","duration":0.000026093,"status":200,"size":3,"body":""}
{"level":"info","ts":"2024-06-02T00:07:36.382+0300","caller":"handlers/middlewares.go:116","msg":"request","uri":"/update/counter/testUpdate/982","method":"POST","duration":0.000051615,"status":200,"size":0,"body":""}
{"level":"info","ts":"2024-06-02T00:07:36.385+0300","caller":"handlers/middlewares.go:116","msg":"request","uri":"/update/counter/testSetGet/982","method":"POST","duration":0.000043144,"status":200,"size":0,"body":""}
{"level":"info","ts":"2024-06-02T00:07:36.386+0300","caller":"handlers/middlewares.go:116","msg":"request","uri":"/value/counter/testSetGet","method":"GET","duration":0.000015731,"status":200,"size":3,"body":""}
{"level":"info","ts":"2024-06-02T00:07:36.387+0300","caller":"handlers/middlewares.go:116","msg":"request","uri":"/update/gauge/testSetGet/982","method":"POST","duration":0.000032914,"status":200,"size":0,"body":""}
{"level":"info","ts":"2024-06-02T00:07:36.387+0300","caller":"handlers/middlewares.go:116","msg":"request","uri":"/value/gauge/testSetGet","method":"GET","duration":0.000011394,"status":200,"size":3,"body":""}
{"level":"info","ts":"2024-06-02T00:07:36.391+0300","caller":"handlers/middlewares.go:116","msg":"request","uri":"/update/gauge/testSetGet/982","method":"POST","duration":0.000048439,"status":200,"size":0,"body":""}
{"level":"info","ts":"2024-06-02T00:07:36.391+0300","caller":"handlers/middlewares.go:116","msg":"request","uri":"/","method":"POST","duration":0.000150277,"status":200,"size":23,"body":""}
{"level":"info","ts":"2024-06-02T00:07:36.394+0300","caller":"handlers/middlewares.go:116","msg":"request","uri":"/update/gauge","method":"POST","duration":0.000149889,"status":404,"size":22,"body":""}
{"level":"info","ts":"2024-06-02T00:07:36.396+0300","caller":"handlers/middlewares.go:116","msg":"request","uri":"/update/gauge/Alloc","method":"POST","duration":0.000417224,"status":400,"size":23,"body":""}
{"level":"info","ts":"2024-06-02T00:07:36.422+0300","caller":"handlers/middlewares.go:116","msg":"request","uri":"/update","method":"POST","duration":0.001637452,"status":200,"size":42,"body":"{\"id\":\"test\",\"type\":\"gauge\",\"delta\":0,\"value\":123.1}"}
{"level":"info","ts":"2024-06-02T00:07:36.423+0300","caller":"handlers/middlewares.go:116","msg":"request","uri":"/value","method":"POST","duration":0.000097757,"status":200,"size":42,"body":"{\"id\":\"test\",\"type\":\"gauge\"}"}
{"level":"info","ts":"2024-06-02T00:07:36.425+0300","caller":"handlers/middlewares.go:116","msg":"request","uri":"/update","method":"POST","duration":0.000237991,"status":200,"size":42,"body":"{\"id\":\"test\",\"type\":\"counter\",\"delta\":123,\"value\":0}"}
{"level":"info","ts":"2024-06-02T00:07:36.427+0300","caller":"handlers/middlewares.go:116","msg":"request","uri":"/value","method":"POST","duration":0.000750498,"status":200,"size":42,"body":"{\"id\":\"test\",\"type\":\"counter\"}"}
{"level":"info","ts":"2024-06-02T00:07:36.429+0300","caller":"handlers/middlewares.go:116","msg":"request","uri":"/updates","method":"POST","duration":0.000086753,"status":200,"size":0,"body":"[{\"id\":\"test\",\"type\":\"gauge\",\"delta\":0,\"value\":123.1}]"}
{"level":"info","ts":"2024-06-02T00:07:36.430+0300","caller":"handlers/middlewares.go:116","msg":"request","uri":"/value","method":"POST","duration":0.000501025,"status":200,"size":42,"body":"{\"id\":\"test\",\"type\":\"gauge\"}"}
{"level":"info","ts":"2024-06-02T00:08:27.638+0300","caller":"handlers/grpc_interceptors.go:65","msg":"grpc request","method":"/proto.Metrics/GetMetricValue","time":"2024-06-02T00:08:27.638+0300","data":"{\"metric_type\":\"gauge\",\"metric_name\":\"Alloc\"}"}
{"level":"info","ts":"2024-06-02T00:08:27.638+0300","caller":"handlers/grpc_interceptors.go:65","msg":"grpc request","method":"/proto.Metrics/UpdateMetric","time":"2024-06-02T00:08:27.638+0300","data":"{\"metric_type\":\"gauge\",\"metric_name\":\"Alloc\",\"metric_value\":\"123.456\"}"}
{"level":"info","ts":"2024-06-02T00:08:27.639+0300","caller":"handlers/grpc_interceptors.go:65","msg":"grpc request","method":"/proto.Metrics/GetMetricValue","time":"2024-06-02T00:08:27.639+0300","data":"{\"metric_type\":\"gauge\",\"metric_name\":\"Alloc\"}"}
{"level":"info","ts":"2024-06-02T00:08:27.639+0300","caller":"handlers/grpc_interceptors.go:65","msg":"grpc request","method":"/proto.Metrics/UpdateMetric","time":"2024-06-02T00:08:27.639+0300","data":"{\"metric_type\":\"counter\",\"metric_name\":\"PollCount\",\"metric_value\":\"123456\"}"}
{"level":"info","ts":"2024-06-02T00:08:27.639+0300","caller":"handlers/grpc_interceptors.go:65","msg":"grpc request","method":"/proto.Metrics/GetMetricValue","time":"2024-06-02T00:08:27.639+0300","data":"{\"metric_type\":\"counter\",\"metric_name\":\"PollCount\"}"}
{"level":"info","ts":"2024-06-02T00:08:27.639+0300","caller":"handlers/grpc_interceptors.go:65","msg":"grpc request","method":"/proto.Metrics/GetMetricExt","time":"2024-06-02T00:08:27.639+0300","data":"{\"id\":\"Alloc\",\"mtype\":\"gauge\"}"}
{"level":"info","ts":"2024-06-02T00:08:27.640+0300","caller":"handlers/grpc_interceptors.go:65","msg":"grpc request","method":"/proto.Metrics/UpdateMetricExt","time":"2024-06-02T00:08:27.640+0300","data":"{\"id\":\"Alloc\",\"mtype\":\"gauge\",\"value\":123.456}"}
{"level":"info","ts":"2024-06-02T00:08:27.640+0300","caller":"handlers/grpc_interceptors.go:65","msg":"grpc request","method":"/proto.Metrics/GetMetricExt","time":"2024-06-02T00:08:27.640+0300","data":"{\"id\":\"Alloc\",\"mtype\":\"gauge\"}"}
{"level":"info","ts":"2024-06-02T00:08:27.640+0300","caller":"handlers/grpc_interceptors.go:65","msg":"grpc request","method":"/proto.Metrics/UpdateMetricExt","time":"2024-06-02T00:08:27.640+0300","data":"{\"id\":\"PollCount\",\"mtype\":\"counter\",\"delta\":123456}"}
{"level":"info","ts":"2024-06-02T00:08:27.640+0300","caller":"handlers/grpc_interceptors.go:65","msg":"grpc request","method":"/proto.Metrics/GetMetricExt","time":"2024-06-02T00:08:27.640+0300","data":"{\"id\":\"PollCount\",\"mtype\":\"counter\"}"}
{"level":"info","ts":"2024-06-02T00:08:27.643+0300","caller":"handlers/grpc_interceptors.go:65","msg":"grpc request","method":"/proto.Metrics/GetMetricExt","time":"2024-06-02T00:08:27.643+0300","data":"{\"id\":\"Alloc\",\"mtype\":\"gauge\"}"}
{"level":"info","ts":"2024-06-02T00:08:27.643+0300","caller":"handlers/grpc_interceptors.go:65","msg":"grpc request","method":"/proto.Metrics/GetMetricExt","time":"2024-06-02T00:08:27.643+0300","data":"{\"id\":\"CPUutilization4\",\"mtype\":\"gauge\"}"}
{"level":"info","ts":"2024-06-02T00:08:27.643+0300","caller":"handlers/grpc_interceptors.go:65","msg":"grpc request","method":"/proto.Metrics/GetMetricExt","time":"2024-06-02T00:08:27.643+0300","data":"{\"id\":\"PollCount\",\"mtype\":\"counter\"}"}
{"level":"info","ts":"2024-06-02T00:08:27.645+0300","caller":"handlers/grpc_interceptors.go:65","msg":"grpc request","method":"/proto.Metrics/GetAllMetrics","time":"2024-06-02T00:08:27.645+0300","data":"{}"}
{"level":"info","ts":"2024-06-02T00:08:27.646+0300","caller":"handlers/grpc_interceptors.go:65","msg":"grpc request","method":"/proto.Metrics/GetAllMetrics","time":"2024-06-02T00:08:27.646+0300","data":"{}"}
{"level":"info","ts":"2024-06-02T00:08:27.647+0300","caller":"handlers/grpc_interceptors.go:65","msg":"grpc request","method":"/proto.Metrics/UpdateMetricExt","time":"2024-06-02T00:08:27.647+0300","data":"{\"id\":\"Alloc\",\"mtype\":\"gauge\",\"value\":123.456}"}
{"level":"info","ts":"2024-06-02T00:08:27.647+0300","caller":"handlers/grpc_interceptors.go:65","msg":"grpc request","method":"/proto.Metrics/GetMetricExt","time":"2024-06-02T00:08:27.647+0300","data":"{\"id\":\"Alloc\",\"mtype\":\"gauge\"}"}
{"level":"info","ts":"2024-06-02T00:08:27.648+0300","caller":"handlers/grpc_interceptors.go:65","msg":"grpc request","method":"/proto.Metrics/UpdateMetricExt","time":"2024-06-02T00:08:27.648+0300","data":"{\"id\":\"Alloc\",\"mtype\":\"gauge\",\"value\":123.456}"}
{"level":"info","ts":"2024-06-02T00:08:27.648+0300","caller":"handlers/grpc_interceptors.go:65","msg":"grpc request","method":"/proto.Metrics/GetMetricExt","time":"2024-06-02T00:08:27.648+0300","data":"{\"id\":\"Alloc\",\"mtype\":\"gauge\"}"}
{"level":"info","ts":"2024-06-02T00:08:27.662+0300","caller":"handlers/grpc_interceptors.go:65","msg":"grpc request","method":"/proto.Metrics/UpdateMetric","time":"2024-06-02T00:08:27.662+0300","data":"{\"metric_type\":\"gauge\",\"metric_name\":\"Alloc\",\"metric_value\":\"123.456\"}"}
{"level":"info","ts":"2024-06-02T00:08:27.663+0300","caller":"handlers/grpc_interceptors.go:65","msg":"grpc request","method":"/proto.Metrics/GetMetricValue","time":"2024-06-02T00:08:27.663+0300","data":"{\"metric_type\":\"gauge\",\"metric_name\":\"Alloc\"}"}
{"level":"info","ts":"2024-06-02T00:08:27.663+0300","caller":"handlers/grpc_interceptors.go:65","msg":"grpc request","method":"/proto.Metrics/UpdateMetricExt","time":"2024-06-02T00:08:27.663+0300","data":"{\"id\":\"Alloc\",\"mtype\":\"gauge\",\"value\":12321.45654}"}
{"level":"info","ts":"2024-06-02T00:08:27.678+0300","caller":"handlers/middlewares.go:116","msg":"request","uri":"/update/counter/testSetGet33/982","method":"POST","duration":0.00002785,"status":200,"size":0,"body":""}
{"level":"info","ts":"2024-06-02T00:08:27.678+0300","caller":"handlers/middlewares.go:116","msg":"request","uri":"/value/counter/testSetGet33","method":"GET","duration":0.000017973,"status":200,"size":3,"body":""}
{"level":"info","ts":"2024-06-02T00:08:27.678+0300","caller":"handlers/middlewares.go:116","msg":"request","uri":"/update/counter/testSetGet33/111","method":"POST","duration":0.000013254,"status":200,"size":0,"body":""}
{"level":"info","ts":"2024-06-02T00:08:27.678+0300","caller":"handlers/middlewares.go:116","msg":"request","uri":"/value/counter/testSetGet33","method":"GET","duration":0.000005583,"status":200,"size":3,"body":""}
{"level":"info","ts":"2024-06-02T00:08:27.680+0300","caller":"handlers/middlewares.go:116","msg":"request","uri":"/update/counter/testUpdate/982","method":"POST","duration":0.000020131,"status":200,"size":0,"body":""}
{"level":"info","ts":"2024-06-02T00:08:27.681+0300","caller":"handlers/middlewares.go:116","msg":"request","uri":"/update/counter/testSetGet/982","method":"POST","duration":0.0000125,"status":200,"size":0,"body":""}
{"level":"info","ts":"2024-06-02T00:08:27.681+0300","caller":"handlers/middlewares.go:116","msg":"request","uri":"/value/counter/testSetGet","method":"GET","duration":0.000005653,"status":200,"size":3,"body":""}
{"level":"info","ts":"2024-06-02T00:08:27.681+0300","caller":"handlers/middlewares.go:116","msg":"request","uri":"/update/gauge/testSetGet/982","method":"POST","duration":0.000013417,"status":200,"size":0,"body":""}
{"level":"info","ts":"2024-06-02T00:08:27.681+0300","caller":"handlers/middlewares.go:116","msg":"request","uri":"/value/gauge/testSetGet","method":"GET","duration":0.000005863,"status":200,"size":3,"body":""}
{"level":"info","ts":"2024-06-02T00:08:27.684+0300","caller":"handlers/middlewares.go:116","msg":"request","uri":"/update/gauge/testSetGet/982","method":"POST","duration":0.000019735,"status":200,"size":0,"body":""}
{"level":"info","ts":"2024-06-02T00:08:27.685+0300","caller":"handlers/middlewares.go:116","msg":"request","uri":"/","method":"POST","duration":0.000065451,"status":200,"size":23,"body":""}
{"level":"info","ts":"2024-06-02T00:08:27.686+0300","caller":"handlers/middlewares.go:116","msg":"request","uri":"/update/gauge","method":"POST","duration":0.000074724,"status":404,"size":22,"body":""}
{"level":"info","ts":"2024-06-02T00:08:27.688+0300","caller":"handlers/middlewares.go:116","msg":"request","uri":"/update/gauge/Alloc","method":"POST","duration":0.000409935,"status":400,"size":23,"body":""}
{"level":"info","ts":"2024-06-02T00:08:27.708+0300","caller":"handlers/middlewares.go:116","msg":"request","uri":"/update","method":"POST","duration":0.000202796,"status":200,"size":42,"body":"{\"id\":\"test\",\"type\":\"gauge\",\"delta\":0,\"value\":123.1}"}
{"level":"info","ts":"2024-06-02T00:08:27.709+0300","caller":"handlers/middlewares.go:116","msg":"request","uri":"/value","method":"POST","duration":0.000325495,"status":200,"size":42,"body":"{\"id\":\"test\",\"type\":\"gauge\"}"}
{"level":"info","ts":"2024-06-02T00:08:27.710+0300","caller":"handlers/middlewares.go:116","msg":"request","uri":"/update","method":"POST","duration":0.000083954,"status":200,"size":42,"body":"{\"id\":\"test\",\"type\":\"counter\",\"delta\":123,\"value\":0}"}
{"level":"info","ts":"2024-06-02T00:08:27.710+0300","caller":"handlers/middlewares.go:116","msg":"request","uri":"/value","method":"POST","duration":0.000022523,"status":200,"size":42,"body":"{\"id\":\"test\",\"type\":\"counter\"}"}
{"level":"info","ts":"2024-06-02T00:08:27.711+0300","caller":"handlers/middlewares.go:116","msg":"request","uri":"/updates","method":"POST","duration":0.000058455,"status":200,"size":0,"body":"[{\"id\":\"test\",\"type\":\"gauge\",\"delta\":0,\"value\":123.1}]"}
{"level":"info","ts":"2024-06-02T00:08:27.711+0300","caller":"handlers/middlewares.go:116","msg":"request","uri":"/value","method":"POST","duration":0.000241025,"status":200,"size":42,"body":"{\"id\":\"test\",\"type\":\"gauge\"}"}
{"level":"info","ts":"2024-06-02T00:09:48.229+0300","caller":"handlers/grpc_interceptors.go:68","msg":"grpc request","method":"/proto.Metrics/GetMetricValue","time":"2024-06-02T00:09:48.229+0300","data":"{\"metric_type\":\"gauge\",\"metric_name\":\"Alloc\"}"}
{"level":"info","ts":"2024-06-02T00:09:48.230+0300","caller":"handlers/grpc_interceptors.go:68","msg":"grpc request","method":"/proto.Metrics/UpdateMetric","time":"2024-06-02T00:09:48.230+0300","data":"{\"metric_type\":\"gauge\",\"metric_name\":\"Alloc\",\"metric_value\":\"123.456\"}"}
{"level":"info","ts":"2024-06-02T00:09:48.230+0300","caller":"handlers/grpc_interceptors.go:68","msg":"grpc request","method":"/proto.Metrics/GetMetricValue","time":"2024-06-02T00:09:48.230+0300","data":"{\"metric_type\":\"gauge\",\"metric_name\":\"Alloc\"}"}
{"level":"info","ts":"2024-06-02T00:09:48.231+0300","caller":"handlers/grpc_interceptors.go:68","msg":"grpc request","method":"/proto.Metrics/UpdateMetric","time":"2024-06-02T00:09:48.231+0300","data":"{\"metric_type\":\"counter\",\"metric_name\":\"PollCount\",\"metric_value\":\"123456\"}"}
{"level":"info","ts":"2024-06-02T00:09:48.231+0300","caller":"handlers/grpc_interceptors.go:68","msg":"grpc request","method":"/proto.Metrics/GetMetricValue","time":"2024-06-02T00:09:48.231+0300","data":"{\"metric_type\":\"counter\",\"metric_name\":\"PollCount\"}"}
{"level":"info","ts":"2024-06-02T00:09:48.232+0300","caller":"handlers/grpc_interceptors.go:68","msg":"grpc request","method":"/proto.Metrics/GetMetricExt","time":"2024-06-02T00:09:48.232+0300","data":"{\"id\":\"Alloc\",\"mtype\":\"gauge\"}"}
{"level":"info","ts":"2024-06-02T00:09:48.232+0300","caller":"handlers/grpc_interceptors.go:68","msg":"grpc request","method":"/proto.Metrics/UpdateMetricExt","time":"2024-06-02T00:09:48.232+0300","data":"{\"id\":\"Alloc\",\"mtype\":\"gauge\",\"value\":123.456}"}
{"level":"info","ts":"2024-06-02T00:09:48.232+0300","caller":"handlers/grpc_interceptors.go:68","msg":"grpc request","method":"/proto.Metrics/GetMetricExt","time":"2024-06-02T00:09:48.232+0300","data":"{\"id\":\"Alloc\",\"mtype\":\"gauge\"}"}
{"level":"info","ts":"2024-06-02T00:09:48.232+0300","caller":"handlers/grpc_interceptors.go:68","msg":"grpc request","method":"/proto.Metrics/UpdateMetricExt","time":"2024-06-02T00:09:48.232+0300","data":"{\"id\":\"PollCount\",\"mtype\":\"counter\",\"delta\":123456}"}
{"level":"info","ts":"2024-06-02T00:09:48.233+0300","caller":"handlers/grpc_interceptors.go:68","msg":"grpc request","method":"/proto.Metrics/GetMetricExt","time":"2024-06-02T00:09:48.233+0300","data":"{\"id\":\"PollCount\",\"mtype\":\"counter\"}"}
{"level":"info","ts":"2024-06-02T00:09:48.235+0300","caller":"handlers/grpc_interceptors.go:68","msg":"grpc request","method":"/proto.Metrics/GetMetricExt","time":"2024-06-02T00:09:48.235+0300","data":"{\"id\":\"Alloc\",\"mtype\":\"gauge\"}"}
{"level":"info","ts":"2024-06-02T00:09:48.235+0300","caller":"handlers/grpc_interceptors.go:68","msg":"grpc request","method":"/proto.Metrics/GetMetricExt","time":"2024-06-02T00:09:48.235+0300","data":"{\"id\":\"CPUutilization4\",\"mtype\":\"gauge\"}"}
{"level":"info","ts":"2024-06-02T00:09:48.235+0300","caller":"handlers/grpc_interceptors.go:68","msg":"grpc request","method":"/proto.Metrics/GetMetricExt","time":"2024-06-02T00:09:48.235+0300","data":"{\"id\":\"PollCount\",\"mtype\":\"counter\"}"}
{"level":"info","ts":"2024-06-02T00:09:48.237+0300","caller":"handlers/grpc_interceptors.go:68","msg":"grpc request","method":"/proto.Metrics/GetAllMetrics","time":"2024-06-02T00:09:48.237+0300","data":"{}"}
{"level":"info","ts":"2024-06-02T00:09:48.238+0300","caller":"handlers/grpc_interceptors.go:68","msg":"grpc request","method":"/proto.Metrics/GetAllMetrics","time":"2024-06-02T00:09:48.238+0300","data":"{}"}
{"level":"info","ts":"2024-06-02T00:09:48.248+0300","caller":"handlers/grpc_interceptors.go:68","msg":"grpc request","method":"/proto.Metrics/UpdateMetricExt","time":"2024-06-02T00:09:48.248+0300","data":"{\"id\":\"Alloc\",\"mtype\":\"gauge\",\"value\":123.456}"}
{"level":"info","ts":"2024-06-02T00:09:48.249+0300","caller":"handlers/grpc_interceptors.go:68","msg":"grpc request","method":"/proto.Metrics/GetMetricExt","time":"2024-06-02T00:09:48.249+0300","data":"{\"id\":\"Alloc\",\"mtype\":\"gauge\"}"}
{"level":"info","ts":"2024-06-02T00:09:48.250+0300","caller":"handlers/grpc_interceptors.go:68","msg":"grpc request","method":"/proto.Metrics/UpdateMetricExt","time":"2024-06-02T00:09:48.250+0300","data":"{\"id\":\"Alloc\",\"mtype\":\"gauge\",\"value\":123.456}"}
{"level":"info","ts":"2024-06-02T00:09:48.251+0300","caller":"handlers/grpc_interceptors.go:68","msg":"grpc request","method":"/proto.Metrics/GetMetricExt","time":"2024-06-02T00:09:48.251+0300","data":"{\"id\":\"Alloc\",\"mtype\":\"gauge\"}"}
{"level":"info","ts":"2024-06-02T00:09:48.281+0300","caller":"handlers/grpc_interceptors.go:68","msg":"grpc request","method":"/proto.Metrics/UpdateMetric","time":"2024-06-02T00:09:48.281+0300","data":"{\"metric_type\":\"gauge\",\"metric_name\":\"Alloc\",\"metric_value\":\"123.456\"}"}
{"level":"info","ts":"2024-06-02T00:09:48.283+0300","caller":"handlers/grpc_interceptors.go:68","msg":"grpc request","method":"/proto.Metrics/GetMetricValue","time":"2024-06-02T00:09:48.283+0300","data":"{\"metric_type\":\"gauge\",\"metric_name\":\"Alloc\"}"}
{"level":"info","ts":"2024-06-02T00:09:48.285+0300","caller":"handlers/grpc_interceptors.go:68","msg":"grpc request","method":"/proto.Metrics/UpdateMetricExt","time":"2024-06-02T00:09:48.285+0300","data":"{\"id\":\"Alloc\",\"mtype\":\"gauge\",\"value\":12321.45654}"}
{"level":"info","ts":"2024-06-02T00:09:48.305+0300","caller":"handlers/middlewares.go:116","msg":"request","uri":"/update/counter/testSetGet33/982","method":"POST","duration":0.000043557,"status":200,"size":0,"body":""}
{"level":"info","ts":"2024-06-02T00:09:48.306+0300","caller":"handlers/middlewares.go:116","msg":"request","uri":"/value/counter/testSetGet33","method":"GET","duration":0.00002672,"status":200,"size":3,"body":""}
{"level":"info","ts":"2024-06-02T00:09:48.307+0300","caller":"handlers/middlewares.go:116","msg":"request","uri":"/update/counter/testSetGet33/111","method":"POST","duration":0.000036476,"status":200,"size":0,"body":""}
{"level":"info","ts":"2024-06-02T00:09:48.308+0300","caller":"handlers/middlewares.go:116","msg":"request","uri":"/value/counter/testSetGet33","method":"GET","duration":0.000013479,"status":200,"size":3,"body":""}
{"level":"info","ts":"2024-06-02T00:09:48.311+0300","caller":"handlers/middlewares.go:116","msg":"request","uri":"/update/counter/testUpdate/982","method":"POST","duration":0.000036368,"status":200,"size":0,"body":""}
{"level":"info","ts":"2024-06-02T00:09:48.312+0300","caller":"handlers/middlewares.go:116","msg":"request","uri":"/update/counter/testSetGet/982","method":"POST","duration":0.000031319,"status":200,"size":0,"body":""}
{"level":"info","ts":"2024-06-02T00:09:48.312+0300","caller":"handlers/middlewares.go:116","msg":"request","uri":"/value/counter/testSetGet","method":"GET","duration":0.000011391,"status":200,"size":3,"body":""}
{"level":"info","ts":"2024-06-02T00:09:48.313+0300","caller":"handlers/middlewares.go:116","msg":"request","uri":"/update/gauge/testSetGet/982","method":"POST","duration":0.000036298,"status":200,"size":0,"body":""}
{"level":"info","ts":"2024-06-02T00:09:48.313+0300","caller":"handlers/middlewares.go:116","msg":"request","uri":"/value/gauge/testSetGet","method":"GET","duration":0.000014345,"status":200,"size":3,"body":""}
{"level":"info","ts":"2024-06-02T00:09:48.317+0300","caller":"handlers/middlewares.go:116","msg":"request","uri":"/update/gauge/testSetGet/982","method":"POST","duration":0.000039436,"status":200,"size":0,"body":""}
{"level":"info","ts":"2024-06-02T00:09:48.318+0300","caller":"handlers/middlewares.go:116","msg":"request","uri":"/","method":"POST","duration":0.000272809,"status":200,"size":23,"body":""}
{"level":"info","ts":"2024-06-02T00:09:48.326+0300","caller":"handlers/middlewares.go:116","msg":"request","uri":"/update/gauge","method":"POST","duration":0.00406698,"status":404,"size":22,"body":""}
{"level":"info","ts":"2024-06-02T00:09:48.328+0300","caller":"handlers/middlewares.go:116","msg":"request","uri":"/update/gauge/Alloc","method":"POST","duration":0.000209681,"status":400,"size":23,"body":""}
{"level":"info","ts":"2024-06-02T00:09:48.349+0300","caller":"handlers/middlewares.go:116","msg":"request","uri":"/update","method":"POST","duration":0.000867983,"status":200,"size":42,"body":"{\"id\":\"test\",\"type\":\"gauge\",\"delta\":0,\"value\":123.1}"}
{"level":"info","ts":"2024-06-02T00:09:48.350+0300","caller":"handlers/middlewares.go:116","msg":"request","uri":"/value","method":"POST","duration":0.000880594,"status":200,"size":42,"body":"{\"id\":\"test\",\"type\":\"gauge\"}"}
{"level":"info","ts":"2024-06-02T00:09:48.352+0300","caller":"handlers/middlewares.go:116","msg":"request","uri":"/update","method":"POST","duration":0.000205086,"status":200,"size":42,"body":"{\"id\":\"test\",\"type\":\"counter\",\"delta\":123,\"value\":0}"}
{"level":"info","ts":"2024-06-02T00:09:48.353+0300","caller":"handlers/middlewares.go:116","msg":"request","uri":"/value","method":"POST","duration":0.000059158,"status":200,"size":42,"body":"{\"id\":\"test\",\"type\":\"counter\"}"}
{"level":"info","ts":"2024-06-02T00:09:48.354+0300","caller":"handlers/middlewares.go:116","msg":"request","uri":"/updates","method":"POST","duration":0.00008614,"status":200,"size":0,"body":"[{\"id\":\"test\",\"type\":\"gauge\",\"delta\":0,\"value\":123.1}]"}
{"level":"info","ts":"2024-06-02T00:09:48.358+0300","caller":"handlers/middlewares.go:116","msg":"request","uri":"/value","method":"POST","duration":0.000689156,"status":200,"size":42,"body":"{\"id\":\"test\",\"type\":\"gauge\"}"}
{"level":"info","ts":"2024-06-02T00:09:54.945+0300","caller":"handlers/grpc_interceptors.go:68","msg":"grpc request","method":"/proto.Metrics/GetMetricValue","time":"2024-06-02T00:09:54.945+0300","data":"{\"metric_type\":\"gauge\",\"metric_name\":\"Alloc\"}"}
{"level":"info","ts":"2024-06-02T00:09:54.946+0300","caller":"handlers/grpc_interceptors.go:68","msg":"grpc request","method":"/proto.Metrics/UpdateMetric","time":"2024-06-02T00:09:54.946+0300","data":"{\"metric_type\":\"gauge\",\"metric_name\":\"Alloc\",\"metric_value\":\"123.456\"}"}
{"level":"info","ts":"2024-06-02T00:09:54.946+0300","caller":"handlers/grpc_interceptors.go:68","msg":"grpc request","method":"/proto.Metrics/GetMetricValue","time":"2024-06-02T00:09:54.946+0300","data":"{\"metric_type\":\"gauge\",\"metric_name\":\"Alloc\"}"}
{"level":"info","ts":"2024-06-02T00:09:54.946+0300","caller":"handlers/grpc_interceptors.go:68","msg":"grpc request","method":"/proto.Metrics/UpdateMetric","time":"2024-06-02T00:09:54.946+0300","data":"{\"metric_type\":\"counter\",\"metric_name\":\"PollCount\",\"metric_value\":\"123456\"}"}
{"level":"info","ts":"2024-06-02T00:09:54.946+0300","caller":"handlers/grpc_interceptors.go:68","msg":"grpc request","method":"/proto.Metrics/GetMetricValue","time":"2024-06-02T00:09:54.946+0300","data":"{\"metric_type\":\"counter\",\"metric_name\":\"PollCount\"}"}
{"level":"info","ts":"2024-06-02T00:09:54.947+0300","caller":"handlers/grpc_interceptors.go:68","msg":"grpc request","method":"/proto.Metrics/GetMetricExt","time":"2024-06-02T00:09:54.947+0300","data":"{\"id\":\"Alloc\",\"mtype\":\"gauge\"}"}
{"level":"info","ts":"2024-06-02T00:09:54.947+0300","caller":"handlers/grpc_interceptors.go:68","msg":"grpc request","method":"/proto.Metrics/UpdateMetricExt","time":"2024-06-02T00:09:54.947+0300","data":"{\"id\":\"Alloc\",\"mtype\":\"gauge\",\"value\":123.456}"}
{"level":"info","ts":"2024-06-02T00:09:54.947+0300","caller":"handlers/grpc_interceptors.go:68","msg":"grpc request","method":"/proto.Metrics/GetMetricExt","time":"2024-06-02T00:09:54.947+0300","data":"{\"id\":\"Alloc\",\"mtype\":\"gauge\"}"}
{"level":"info","ts":"2024-06-02T00:09:54.947+0300","caller":"handlers/grpc_interceptors.go:68","msg":"grpc request","method":"/proto.Metrics/UpdateMetricExt","time":"2024-06-02T00:09:54.947+0300","data":"{\"id\":\"PollCount\",\"mtype\":\"counter\",\"delta\":123456}"}
{"level":"info","ts":"2024-06-02T00:09:54.947+0300","caller":"handlers/grpc_interceptors.go:68","msg":"grpc request","method":"/proto.Metrics/GetMetricExt","time":"2024-06-02T00:09:54.947+0300","data":"{\"id\":\"PollCount\",\"mtype\":\"counter\"}"}
{"level":"info","ts":"2024-06-02T00:09:54.949+0300","caller":"handlers/grpc_interceptors.go:68","msg":"grpc request","method":"/proto.Metrics/GetMetricExt","time":"2024-06-02T00:09:54.949+0300","data":"{\"id\":\"Alloc\",\"mtype\":\"gauge\"}"}
{"level":"info","ts":"2024-06-02T00:09:54.949+0300","caller":"handlers/grpc_interceptors.go:68","msg":"grpc request","method":"/proto.Metrics/GetMetricExt","time":"2024-06-02T00:09:54.949+0300","data":"{\"id\":\"CPUutilization4\",\"mtype\":\"gauge\"}"}
{"level":"info","ts":"2024-06-02T00:09:54.949+0300","caller":"handlers/grpc_interceptors.go:68","msg":"grpc request","method":"/proto.Metrics/GetMetricExt","time":"2024-06-02T00:09:54.949+0300","data":"{\"id\":\"PollCount\",\"mtype\":\"counter\"}"}
{"level":"info","ts":"2024-06-02T00:09:54.951+0300","caller":"handlers/grpc_interceptors.go:68","msg":"grpc request","method":"/proto.Metrics/GetAllMetrics","time":"2024-06-02T00:09:54.951+0300","data":"{}"}
{"level":"info","ts":"2024-06-02T00:09:54.951+0300","caller":"handlers/grpc_interceptors.go:68","msg":"grpc request","method":"/proto.Metrics/GetAllMetrics","time":"2024-06-02T00:09:54.951+0300","data":"{}"}
{"level":"info","ts":"2024-06-02T00:09:54.952+0300","caller":"handlers/grpc_interceptors.go:68","msg":"grpc request","method":"/proto.Metrics/UpdateMetricExt","time":"2024-06-02T00:09:54.952+0300","data":"{\"id\":\"Alloc\",\"mtype\":\"gauge\",\"value\":123.456}"}
{"level":"info","ts":"2024-06-02T00:09:54.952+0300","caller":"handlers/grpc_interceptors.go:68","msg":"grpc request","method":"/proto.Metrics/GetMetricExt","time":"2024-06-02T00:09:54.952+0300","data":"{\"id\":\"Alloc\",\"mtype\":\"gauge\"}"}
{"level":"info","ts":"2024-06-02T00:09:54.953+0300","caller":"handlers/grpc_interceptors.go:68","msg":"grpc request","method":"/proto.Metrics/UpdateMetricExt","time":"2024-06-02T00:09:54.953+0300","data":"{\"id\":\"Alloc\",\"mtype\":\"gauge\",\"value\":123.456}"}
{"level":"info","ts":"2024-06-02T00:09:54.953+0300","caller":"handlers/grpc_interceptors.go:68","msg":"grpc request","method":"/proto.Metrics/GetMetricExt","time":"2024-06-02T00:09:54.953+0300","data":"{\"id\":\"Alloc\",\"mtype\":\"gauge\"}"}
{"level":"info","ts":"2024-06-02T00:09:54.967+0300","caller":"handlers/grpc_interceptors.go:68","msg":"grpc request","method":"/proto.Metrics/UpdateMetric","time":"2024-06-02T00:09:54.967+0300","data":"{\"metric_type\":\"gauge\",\"metric_name\":\"Alloc\",\"metric_value\":\"123.456\"}"}
{"level":"info","ts":"2024-06-02T00:09:54.967+0300","caller":"handlers/grpc_interceptors.go:68","msg":"grpc request","method":"/proto.Metrics/GetMetricValue","time":"2024-06-02T00:09:54.967+0300","data":"{\"metric_type\":\"gauge\",\"metric_name\":\"Alloc\"}"}
{"level":"info","ts":"2024-06-02T00:09:54.968+0300","caller":"handlers/grpc_interceptors.go:68","msg":"grpc request","method":"/proto.Metrics/UpdateMetricExt","time":"2024-06-02T00:09:54.968+0300","data":"{\"id\":\"Alloc\",\"mtype\":\"gauge\",\"value\":12321.45654}"}
{"level":"info","ts":"2024-06-02T00:09:54.974+0300","caller":"handlers/middlewares.go:116","msg":"request","uri":"/update/counter/testSetGet33/982","method":"POST","duration":0.000022223,"status":200,"size":0,"body":""}
{"level":"info","ts":"2024-06-02T00:09:54.974+0300","caller":"handlers/middlewares.go:116","msg":"request","uri":"/value/counter/testSetGet33","method":"GET","duration":0.000008794,"status":200,"size":3,"body":""}
{"level":"info","ts":"2024-06-02T00:09:54.980+0300","caller":"handlers/middlewares.go:116","msg":"request","uri":"/update/counter/testSetGet33/111","method":"POST","duration":0.000043312,"status":200,"size":0,"body":""}
{"level":"info","ts":"2024-06-02T00:09:54.980+0300","caller":"handlers/middlewares.go:116","msg":"request","uri":"/value/counter/testSetGet33","method":"GET","duration":0.00000692,"status":200,"size":3,"body":""}
{"level":"info","ts":"2024-06-02T00:09:54.980+0300","caller":"handlers/middlewares.go:116","msg":"request","uri":"/update/counter/testUpdate/982","method":"POST","duration":0.000014686,"status":200,"size":0,"body":""}
{"level":"info","ts":"2024-06-02T00:09:54.981+0300","caller":"handlers/middlewares.go:116","msg":"request","uri":"/update/counter/testSetGet/982","method":"POST","duration":0.00001885,"status":200,"size":0,"body":""}
{"level":"info","ts":"2024-06-02T00:09:54.982+0300","caller":"handlers/middlewares.go:116","msg":"request","uri":"/value/counter/testSetGet","method":"GET","duration":0.000007339,"status":200,"size":3,"body":""}
{"level":"info","ts":"2024-06-02T00:09:54.982+0300","caller":"handlers/middlewares.go:116","msg":"request","uri":"/update/gauge/testSetGet/982","method":"POST","duration":0.000019166,"status":200,"size":0,"body":""}
{"level":"info","ts":"2024-06-02T00:09:54.982+0300","caller":"handlers/middlewares.go:116","msg":"request","uri":"/value/gauge/testSetGet","method":"GET","duration":0.000008178,"status":200,"size":3,"body":""}
{"level":"info","ts":"2024-06-02T00:09:54.983+0300","caller":"handlers/middlewares.go:116","msg":"request","uri":"/update/gauge/testSetGet/982","method":"POST","duration":0.00001433,"status":200,"size":0,"body":""}
{"level":"info","ts":"2024-06-02T00:09:54.983+0300","caller":"handlers/middlewares.go:116","msg":"request","uri":"/","method":"POST","duration":0.000463786,"status":200,"size":23,"body":""}
{"level":"info","ts":"2024-06-02T00:09:54.985+0300","caller":"handlers/middlewares.go:116","msg":"request","uri":"/update/gauge","method":"POST","duration":0.000596334,"status":404,"size":22,"body":""}
{"level":"info","ts":"2024-06-02T00:09:54.986+0300","caller":"handlers/middlewares.go:116","msg":"request","uri":"/update/gauge/Alloc","method":"POST","duration":0.000108355,"status":400,"size":23,"body":""}
{"level":"info","ts":"2024-06-02T00:09:55.000+0300","caller":"handlers/middlewares.go:116","msg":"request","uri":"/update","method":"POST","duration":0.000523974,"status":200,"size":42,"body":"{\"id\":\"test\",\"type\":\"gauge\",\"delta\":0,\"value\":123.1}"}
{"level":"info","ts":"2024-06-02T00:09:55.001+0300","caller":"handlers/middlewares.go:116","msg":"request","uri":"/value","method":"POST","duration":0.000031846,"status":200,"size":42,"body":"{\"id\":\"test\",\"type\":\"gauge\"}"}
{"level":"info","ts":"2024-06-02T00:09:55.002+0300","caller":"handlers/middlewares.go:116","msg":"request","uri":"/update","method":"POST","duration":0.000104653,"status":200,"size":42,"body":"{\"id\":\"test\",\"type\":\"counter\",\"delta\":123,\"value\":0}"}
{"level":"info","ts":"2024-06-02T00:09:55.003+0300","caller":"handlers/middlewares.go:116","msg":"request","uri":"/value","method":"POST","duration":0.000216216,"status":200,"size":42,"body":"{\"id\":\"test\",\"type\":\"counter\"}"}
{"level":"info","ts":"2024-06-02T00:09:55.008+0300","caller":"handlers/middlewares.go:116","msg":"request","uri":"/updates","method":"POST","duration":0.000064294,"status":200,"size":0,"body":"[{\"id\":\"test\",\"type\":\"gauge\",\"delta\":0,\"value\":123.1}]"}
{"level":"info","ts":"2024-06-02T00:09:55.008+0300","caller":"handlers/middlewares.go:116","msg":"request","uri":"/value","method":"POST","duration":0.000079958,"status":200,"size":42,"body":"{\"id\":\"test\",\"type\":\"gauge\"}"}
{"level":"info","ts":"2024-06-02T00:24:44.129+0300","caller":"handlers/grpc_interceptors.go:68","msg":"grpc request","method":"/proto.Metrics/GetMetricValue","time":"2024-06-02T00:24:44.129+0300","data":"{\"metric_type\":\"gauge\",\"metric_name\":\"Alloc\"}"}
{"level":"info","ts":"2024-06-02T00:24:44.129+0300","caller":"handlers/grpc_interceptors.go:68","msg":"grpc request","method":"/proto.Metrics/UpdateMetric","time":"2024-06-02T00:24:44.129+0300","data":"{\"metric_type\":\"gauge\",\"metric_name\":\"Alloc\",\"metric_value\":\"123.456\"}"}
{"level":"info","ts":"2024-06-02T00:24:44.129+0300","caller":"handlers/grpc_interceptors.go:68","msg":"grpc request","method":"/proto.Metrics/GetMetricValue","time":"2024-06-02T00:24:44.129+0300","data":"{\"metric_type\":\"gauge\",\"metric_name\":\"Alloc\"}"}
{"level":"info","ts":"2024-06-02T00:24:44.129+0300","caller":"handlers/grpc_interceptors.go:68","msg":"grpc request","method":"/proto.Metrics/UpdateMetric","time":"2024-06-02T00:24:44.129+0300","data":"{\"metric_type\":\"counter\",\"metric_name\":\"PollCount\",\"metric_value\":\"123456\"}"}
{"level":"info","ts":"2024-06-02T00:24:44.129+0300","caller":"handlers/grpc_interceptors.go:68","msg":"grpc request","method":"/proto.Metrics/GetMetricValue","time":"2024-06-02T00:24:44.129+0300","data":"{\"metric_type\":\"counter\",\"metric_name\":\"PollCount\"}"}
{"level":"info","ts":"2024-06-02T00:24:44.130+0300","caller":"handlers/grpc_interceptors.go:68","msg":"grpc request","method":"/proto.Metrics/GetMetricExt","time":"2024-06-02T00:24:44.130+0300","data":"{\"id\":\"Alloc\",\"mtype\":\"gauge\"}"}
{"level":"info","ts":"2024-06-02T00:24:44.130+0300","caller":"handlers/grpc_interceptors.go:68","msg":"grpc request","method":"/proto.Metrics/UpdateMetricExt","time":"2024-06-02T00:24:44.130+0300","data":"{\"id\":\"Alloc\",\"mtype\":\"gauge\",\"value\":123.456}"}
{"level":"info","ts":"2024-06-02T00:24:44.130+0300","caller":"handlers/grpc_interceptors.go:68","msg":"grpc request","method":"/proto.Metrics/GetMetricExt","time":"2024-06-02T00:24:44.130+0300","data":"{\"id\":\"Alloc\",\"mtype\":\"gauge\"}"}
{"level":"info","ts":"2024-06-02T00:24:44.130+0300","caller":"handlers/grpc_interceptors.go:68","msg":"grpc request","method":"/proto.Metrics/UpdateMetricExt","time":"2024-06-02T00:24:44.130+0300","data":"{\"id\":\"PollCount\",\"mtype\":\"counter\",\"delta\":123456}"}
{"level":"info","ts":"2024-06-02T00:24:44.130+0300","caller":"handlers/grpc_interceptors.go:68","msg":"grpc request","method":"/proto.Metrics/GetMetricExt","time":"2024-06-02T00:24:44.130+0300","data":"{\"id\":\"PollCount\",\"mtype\":\"counter\"}"}
{"level":"info","ts":"2024-06-02T00:24:44.131+0300","caller":"handlers/grpc_interceptors.go:68","msg":"grpc request","method":"/proto.Metrics/GetMetricExt","time":"2024-06-02T00:24:44.131+0300","data":"{\"id\":\"Alloc\",\"mtype\":\"gauge\"}"}
{"level":"info","ts":"2024-06-02T00:24:44.131+0300","caller":"handlers/grpc_interceptors.go:68","msg":"grpc request","method":"/proto.Metrics/GetMetricExt","time":"2024-06-02T00:24:44.131+0300","data":"{\"id\":\"CPUutilization4\",\"mtype\":\"gauge\"}"}
{"level":"info","ts":"2024-06-02T00:24:44.131+0300","caller":"handlers/grpc_interceptors.go:68","msg":"grpc request","method":"/proto.Metrics/GetMetricExt","time":"2024-06-02T00:24:44.131+0300","data":"{\"id\":\"PollCount\",\"mtype\":\"counter\"}"}
{"level":"info","ts":"2024-06-02T00:24:44.133+0300","caller":"handlers/grpc_interceptors.go:68","msg":"grpc request","method":"/proto.Metrics/GetAllMetrics","time":"2024-06-02T00:24:44.133+0300","data":"{}"}
{"level":"info","ts":"2024-06-02T00:24:44.134+0300","caller":"handlers/grpc_interceptors.go:68","msg":"grpc request","method":"/proto.Metrics/GetAllMetrics","time":"2024-06-02T00:24:44.134+0300","data":"{}"}
{"level":"info","ts":"2024-06-02T00:24:44.134+0300","caller":"handlers/grpc_interceptors.go:68","msg":"grpc request","method":"/proto.Metrics/UpdateMetricExt","time":"2024-06-02T00:24:44.134+0300","data":"{\"id\":\"Alloc\",\"mtype\":\"gauge\",\"value\":123.456}"}
{"level":"info","ts":"2024-06-02T00:24:44.134+0300","caller":"handlers/grpc_interceptors.go:68","msg":"grpc request","method":"/proto.Metrics/GetMetricExt","time":"2024-06-02T00:24:44.134+0300","data":"{\"id\":\"Alloc\",\"mtype\":\"gauge\"}"}
{"level":"info","ts":"2024-06-02T00:24:44.135+0300","caller":"handlers/grpc_interceptors.go:68","msg":"grpc request","method":"/proto.Metrics/UpdateMetricExt","time":"2024-06-02T00:24:44.135+0300","data":"{\"id\":\"Alloc\",\"mtype\":\"gauge\",\"value\":123.456}"}
{"level":"info","ts":"2024-06-02T00:24:44.135+0300","caller":"handlers/grpc_interceptors.go:68","msg":"grpc request","method":"/proto.Metrics/GetMetricExt","time":"2024-06-02T00:24:44.135+0300","data":"{\"id\":\"Alloc\",\"mtype\":\"gauge\"}"}
{"level":"info","ts":"2024-06-02T00:24:44.151+0300","caller":"handlers/grpc_interceptors.go:68","msg":"grpc request","method":"/proto.Metrics/UpdateMetric","time":"2024-06-02T00:24:44.151+0300","data":"{\"metric_type\":\"gauge\",\"metric_name\":\"Alloc\",\"metric_value\":\"123.456\"}"}
{"level":"info","ts":"2024-06-02T00:24:44.151+0300","caller":"handlers/grpc_interceptors.go:68","msg":"grpc request","method":"/proto.Metrics/GetMetricValue","time":"2024-06-02T00:24:44.151+0300","data":"{\"metric_type\":\"gauge\",\"metric_name\":\"Alloc\"}"}
{"level":"info","ts":"2024-06-02T00:24:44.152+0300","caller":"handlers/grpc_interceptors.go:68","msg":"grpc request","method":"/proto.Metrics/UpdateMetricExt","time":"2024-06-02T00:24:44.152+0300","data":"{\"id\":\"Alloc\",\"mtype\":\"gauge\",\"value\":12321.45654}"}
{"level":"info","ts":"2024-06-02T00:24:44.164+0300","caller":"handlers/middlewares.go:116","msg":"request","uri":"/update/counter/testSetGet33/982","method":"POST","duration":0.000018487,"status":200,"size":0,"body":""}
{"level":"info","ts":"2024-06-02T00:24:44.164+0300","caller":"handlers/middlewares.go:116","msg":"request","uri":"/value/counter/testSetGet33","method":"GET","duration":0.000005945,"status":200,"size":3,"body":""}
{"level":"info","ts":"2024-06-02T00:24:44.165+0300","caller":"handlers/middlewares.go:116","msg":"request","uri":"/update/counter/testSetGet33/111","method":"POST","duration":0.000026174,"status":200,"size":0,"body":""}
{"level":"info","ts":"2024-06-02T00:24:44.166+0300","caller":"handlers/middlewares.go:116","msg":"request","uri":"/value/counter/testSetGet33","method":"GET","duration":0.000006422,"status":200,"size":3,"body":""}
{"level":"info","ts":"2024-06-02T00:24:44.166+0300","caller":"handlers/middlewares.go:116","msg":"request","uri":"/update/counter/testUpdate/982","method":"POST","duration":0.000013142,"status":200,"size":0,"body":""}
{"level":"info","ts":"2024-06-02T00:24:44.168+0300","caller":"handlers/middlewares.go:116","msg":"request","uri":"/update/counter/testSetGet/982","method":"POST","duration":0.000021191,"status":200,"size":0,"body":""}
{"level":"info","ts":"2024-06-02T00:24:44.168+0300","caller":"handlers/middlewares.go:116","msg":"request","uri":"/value/counter/testSetGet","method":"GET","duration":0.000010278,"status":200,"size":3,"body":""}
{"level":"info","ts":"2024-06-02T00:24:44.168+0300","caller":"handlers/middlewares.go:116","msg":"request","uri":"/update/gauge/testSetGet/982","method":"POST","duration":0.000014915,"status":200,"size":0,"body":""}
{"level":"info","ts":"2024-06-02T00:24:44.168+0300","caller":"handlers/middlewares.go:116","msg":"request","uri":"/value/gauge/testSetGet","method":"GET","duration":0.000007756,"status":200,"size":3,"body":""}
{"level":"info","ts":"2024-06-02T00:24:44.169+0300","caller":"handlers/middlewares.go:116","msg":"request","uri":"/update/gauge/testSetGet/982","method":"POST","duration":0.000015253,"status":200,"size":0,"body":""}
{"level":"info","ts":"2024-06-02T00:24:44.170+0300","caller":"handlers/middlewares.go:116","msg":"request","uri":"/","method":"POST","duration":0.000770302,"status":200,"size":23,"body":""}
{"level":"info","ts":"2024-06-02T00:24:44.171+0300","caller":"handlers/middlewares.go:116","msg":"request","uri":"/update/gauge","method":"POST","duration":0.000289333,"status":404,"size":22,"body":""}
{"level":"info","ts":"2024-06-02T00:24:44.173+0300","caller":"handlers/middlewares.go:116","msg":"request","uri":"/update/gauge/Alloc","method":"POST","duration":0.000308971,"status":400,"size":23,"body":""}
{"level":"info","ts":"2024-06-02T00:24:44.200+0300","caller":"handlers/middlewares.go:116","msg":"request","uri":"/update","method":"POST","duration":0.000128459,"status":200,"size":42,"body":"{\"id\":\"test\",\"type\":\"gauge\",\"delta\":0,\"value\":123.1}"}
{"level":"info","ts":"2024-06-02T00:24:44.200+0300","caller":"handlers/middlewares.go:116","msg":"request","uri":"/value","method":"POST","duration":0.00008687,"status":200,"size":42,"body":"{\"id\":\"test\",\"type\":\"gauge\"}"}
{"level":"info","ts":"2024-06-02T00:24:44.202+0300","caller":"handlers/middlewares.go:116","msg":"request","uri":"/update","method":"POST","duration":0.000165587,"status":200,"size":42,"body":"{\"id\":\"test\",\"type\":\"counter\",\"delta\":123,\"value\":0}"}
{"level":"info","ts":"2024-06-02T00:24:44.203+0300","caller":"handlers/middlewares.go:116","msg":"request","uri":"/value","method":"POST","duration":0.000025913,"status":200,"size":42,"body":"{\"id\":\"test\",\"type\":\"counter\"}"}
{"level":"info","ts":"2024-06-02T00:24:44.203+0300","caller":"handlers/middlewares.go:116","msg":"request","uri":"/updates","method":"POST","duration":0.000067874,"status":200,"size":0,"body":"[{\"id\":\"test\",\"type\":\"gauge\",\"delta\":0,\"value\":123.1}]"}
{"level":"info","ts":"2024-06-02T00:24:44.204+0300","caller":"handlers/middlewares.go:116","msg":"request","uri":"/value","method":"POST","duration":0.000077003,"status":200,"size":42,"body":"{\"id\":\"test\",\"type\":\"gauge\"}"}
